  main.cpp
C:\Users\Руслан\source\repos\lw8\Blur.h(43,18): warning C4244: инициализация: преобразование "double" в "float", возможна потеря данных
C:\Users\Руслан\source\repos\lw8\Blur.h(45,46): warning C4018: <: несоответствие типов со знаком и без знака
C:\Users\Руслан\source\repos\lw8\Blur.h(47,49): warning C4018: <: несоответствие типов со знаком и без знака
C:\Users\Руслан\source\repos\lw8\Blur.h(52,29): warning C4244: инициализация: преобразование "float" в "int", возможна потеря данных
C:\Users\Руслан\source\repos\lw8\Blur.h(54,33): warning C4244: инициализация: преобразование "float" в "int", возможна потеря данных
C:\Users\Руслан\source\repos\lw8\Blur.h(72,38): warning C4244: =: преобразование "double" в "uint8_t", возможна потеря данных
C:\Users\Руслан\source\repos\lw8\Blur.h(73,38): warning C4244: =: преобразование "double" в "uint8_t", возможна потеря данных
C:\Users\Руслан\source\repos\lw8\Blur.h(74,38): warning C4244: =: преобразование "double" в "uint8_t", возможна потеря данных
C:\Users\Руслан\source\repos\lw8\Pool.h(38,1): warning C4267: аргумент: преобразование из "size_t" в "DWORD"; возможна потеря данных
C:\Users\Руслан\source\repos\lw8\Pool.h(43,1): warning C4267: аргумент: преобразование из "size_t" в "DWORD"; возможна потеря данных
C:\Users\Руслан\source\repos\lw8\main.cpp(59,55): warning C4267: инициализация: преобразование из "size_t" в "int"; возможна потеря данных
C:\Users\Руслан\source\repos\lw8\main.cpp(60,69): warning C4267: инициализация: преобразование из "size_t" в "int"; возможна потеря данных
C:\Users\Руслан\source\repos\lw8\main.cpp(69,38): warning C4267: =: преобразование из "size_t" в "uint32_t"; возможна потеря данных
C:\Users\Руслан\source\repos\lw8\main.cpp(71,42): warning C4267: =: преобразование из "size_t" в "uint32_t"; возможна потеря данных
C:\Users\Руслан\source\repos\lw8\main.cpp(129,35): warning C4018: <: несоответствие типов со знаком и без знака
  Создание кода
  0 of 699 functions ( 0.0%) were compiled, the rest were copied from previous compilation.
    0 functions were new in current compilation
    0 functions had inline decision re-evaluated but remain unchanged
  Создание кода завершено
  lw8.vcxproj -> C:\Users\Руслан\source\repos\lw8\x64\Release\lw8.exe
